<?xml version="1.0" encoding="UTF-8"?>
<!-- Generated by org.testng.reporters.JUnitReportReporter -->
<testsuite hostname="DESKTOP-M8KOBP4" failures="0" tests="5" name="selenium.enable" time="0.016" errors="0" timestamp="2025-08-18T12:22:30 IST" skipped="1">
  <testcase classname="selenium.enable" name="runTestMultipleTimes" time="0.002"/>
  <testcase classname="selenium.enable" name="activeTest" time="0.010"/>
  <testcase classname="selenium.enable" name="runTestMultipleTimes" time="0.002"/>
  <testcase classname="selenium.enable" name="runTestMultipleTimes" time="0.002"/>
  <testcase classname="selenium.enable" name="disabledTest">
    <skipped/>
  </testcase> <!-- disabledTest -->
</testsuite> <!-- selenium.enable -->
