<?xml version="1.0" encoding="UTF-8"?>
<!-- Generated by org.testng.reporters.JUnitReportReporter -->
<testsuite hostname="DESKTOP-M8KOBP4" failures="0" tests="1" name="selenium.Explicit_wait" time="7.090" errors="0" timestamp="2025-08-14T16:47:18 IST" skipped="0">
  <testcase classname="selenium.Explicit_wait" name="f" time="7.090"/>
</testsuite> <!-- selenium.Explicit_wait -->
