<?xml version="1.0" encoding="UTF-8"?>
<!-- Generated by org.testng.reporters.JUnitReportReporter -->
<testsuite hostname="DESKTOP-M8KOBP4" failures="0" tests="1" name="selenium.NewTest33" time="18.080" errors="0" timestamp="2025-08-14T15:20:46 IST" skipped="0">
  <testcase classname="selenium.NewTest33" name="f" time="18.080"/>
</testsuite> <!-- selenium.NewTest33 -->
