<?xml version="1.0" encoding="UTF-8"?>
<!-- Generated by org.testng.reporters.JUnitReportReporter -->
<testsuite hostname="DESKTOP-M8KOBP4" failures="0" tests="1" name="Jenkins_package.NewTest" time="5.550" errors="0" timestamp="2025-08-25T21:29:01 IST" skipped="0">
  <testcase classname="Jenkins_package.NewTest" name="f" time="5.550"/>
</testsuite> <!-- Jenkins_package.NewTest -->
